<?xml version="1.0" encoding="UTF-8"?>
<!-- Generated by org.testng.reporters.JUnitXMLReporter -->
<testsuite ignored="3" hostname="DESKTOP-E1MHNN4" failures="0" tests="1" name="Default test" time="3.77" errors="0" timestamp="2022-06-16T14:52:11 IST">
  <testcase classname="com.bridgelabz.DBAutomation_Test.DB_Test" name="deleteData" time="0.35"/>
  <testcase classname="com.bridgelabz.DBAutomation_Test.DB_Test" name="updateData" time="0.0">
    <ignored/>
  </testcase> <!-- updateData -->
  <testcase classname="com.bridgelabz.DBAutomation_Test.DB_Test" name="getTableData" time="0.0">
    <ignored/>
  </testcase> <!-- getTableData -->
  <testcase classname="com.bridgelabz.DBAutomation_Test.DB_Test" name="insertData" time="0.0">
    <ignored/>
  </testcase> <!-- insertData -->
</testsuite> <!-- Default test -->
