<?xml version="1.0" encoding="UTF-8"?>
<testng-results ignored="3" total="4" passed="1" failed="0" skipped="0">
  <reporter-output>
  </reporter-output>
  <suite started-at="2022-06-16T14:52:07 IST" name="Default suite" finished-at="2022-06-16T14:52:11 IST" duration-ms="3770">
    <groups>
    </groups>
    <test started-at="2022-06-16T14:52:07 IST" name="Default test" finished-at="2022-06-16T14:52:11 IST" duration-ms="3770">
      <class name="com.bridgelabz.DBAutomation_Test.DB_Test">
        <test-method is-config="true" signature="getConnection()[pri:0, instance:com.bridgelabz.DBAutomation_Test.DB_Test@7193666c]" started-at="2022-06-16T14:52:07 IST" name="getConnection" finished-at="2022-06-16T14:52:11 IST" duration-ms="3206" status="PASS">
          <reporter-output>
          </reporter-output>
        </test-method> <!-- getConnection -->
        <test-method signature="deleteData()[pri:4, instance:com.bridgelabz.DBAutomation_Test.DB_Test@7193666c]" started-at="2022-06-16T14:52:11 IST" name="deleteData" finished-at="2022-06-16T14:52:11 IST" duration-ms="350" status="PASS">
          <reporter-output>
          </reporter-output>
        </test-method> <!-- deleteData -->
      </class> <!-- com.bridgelabz.DBAutomation_Test.DB_Test -->
    </test> <!-- Default test -->
  </suite> <!-- Default suite -->
</testng-results>
